[INFO  - 2020-03-23T10:20:14.751Z] GhostDriver - Main - running on port 5173
[INFO  - 2020-03-23T10:20:15.065Z] Session [e30ec140-6cef-11ea-ba96-5718a27bac6e] - page.settings - {"XSSAuditingEnabled":false,"javascriptCanCloseWindows":true,"javascriptCanOpenWindows":true,"javascriptEnabled":true,"loadImages":true,"localToRemoteUrlAccessEnabled":false,"userAgent":"Mozilla/5.0 (Windows NT 6.2; WOW64) AppleWebKit/538.1 (KHTML, like Gecko) PhantomJS/2.1.1 Safari/538.1","webSecurityEnabled":false}
[INFO  - 2020-03-23T10:20:15.066Z] Session [e30ec140-6cef-11ea-ba96-5718a27bac6e] - page.customHeaders:  - {}
[INFO  - 2020-03-23T10:20:15.066Z] Session [e30ec140-6cef-11ea-ba96-5718a27bac6e] - Session.negotiatedCapabilities - {"browserName":"phantomjs","version":"2.1.1","driverName":"ghostdriver","driverVersion":"1.2.0","platform":"windows-10-32bit","javascriptEnabled":true,"takesScreenshot":true,"handlesAlerts":false,"databaseEnabled":false,"locationContextEnabled":false,"applicationCacheEnabled":false,"browserConnectionEnabled":false,"cssSelectorsEnabled":true,"webStorageEnabled":false,"rotatable":false,"acceptSslCerts":false,"nativeEvents":true,"proxy":{"proxyType":"direct"}}
[INFO  - 2020-03-23T10:20:15.066Z] SessionManagerReqHand - _postNewSessionCommand - New Session Created: e30ec140-6cef-11ea-ba96-5718a27bac6e
[INFO  - 2020-03-23T10:25:15.238Z] SessionManagerReqHand - _cleanupWindowlessSessions - Asynchronous Sessions clean-up phase starting NOW
[INFO  - 2020-03-23T10:25:15.240Z] SessionManagerReqHand - _cleanupWindowlessSessions - Deleted Session 'e30ec140-6cef-11ea-ba96-5718a27bac6e', because windowless
Images":true,"localToRemoteUrlAccessEnabled":false,"userAgent":"Mozilla/5.0 (Windows NT 6.2; WOW64) AppleWebKit/538.1 (KHTML, like Gecko) PhantomJS/2.1.1 Safari/538.1","webSecurityEnabled":false}
[INFO  - 2020-03-23T10:22:01.564Z] Session [22893670-6cf0-11ea-be2a-0f371d9ef252] - page.customHeaders:  - {}
[INFO  - 2020-03-23T10:22:01.565Z] Session [22893670-6cf0-11ea-be2a-0f371d9ef252] - Session.negotiatedCapabilities - {"browserName":"phantomjs","version":"2.1.1","driverName":"ghostdriver","driverVersion":"1.2.0","platform":"windows-10-32bit","javascriptEnabled":true,"takesScreenshot":true,"handlesAlerts":false,"databaseEnabled":false,"locationContextEnabled":false,"applicationCacheEnabled":false,"browserConnectionEnabled":false,"cssSelectorsEnabled":true,"webStorageEnabled":false,"rotatable":false,"acceptSslCerts":false,"nativeEvents":true,"proxy":{"proxyType":"direct"}}
[INFO  - 2020-03-23T10:22:01.565Z] SessionManagerReqHand - _postNewSessionCommand - New Session Created: 22893670-6cf0-11ea-be2a-0f371d9ef252
[INFO  - 2020-03-23T10:27:01.489Z] SessionManagerReqHand - _cleanupWindowlessSessions - Asynchronous Sessions clean-up phase starting NOW
[INFO  - 2020-03-23T10:27:01.490Z] SessionManagerReqHand - _cleanupWindowlessSessions - Deleted Session '22893670-6cf0-11ea-be2a-0f371d9ef252', because windowless
[INFO  - 2020-03-23T10:47:42.807Z] GhostDriver - Main - running on port 25254
[INFO  - 2020-03-23T10:47:43.065Z] Session [b956fd00-6cf3-11ea-95a2-2da6286d7c28] - page.settings - {"XSSAuditingEnabled":false,"javascriptCanCloseWindows":true,"javascriptCanOpenWindows":true,"javascriptEnabled":true,"loadImages":true,"localToRemoteUrlAccessEnabled":false,"userAgent":"Mozilla/5.0 (Windows NT 6.2; WOW64) AppleWebKit/538.1 (KHTML, like Gecko) PhantomJS/2.1.1 Safari/538.1","webSecurityEnabled":false}
[INFO  - 2020-03-23T10:47:43.065Z] Session [b956fd00-6cf3-11ea-95a2-2da6286d7c28] - page.customHeaders:  - {}
[INFO  - 2020-03-23T10:47:43.065Z] Session [b956fd00-6cf3-11ea-95a2-2da6286d7c28] - Session.negotiatedCapabilities - {"browserName":"phantomjs","version":"2.1.1","driverName":"ghostdriver","driverVersion":"1.2.0","platform":"windows-10-32bit","javascriptEnabled":true,"takesScreenshot":true,"handlesAlerts":false,"databaseEnabled":false,"locationContextEnabled":false,"applicationCacheEnabled":false,"browserConnectionEnabled":false,"cssSelectorsEnabled":true,"webStorageEnabled":false,"rotatable":false,"acceptSslCerts":false,"nativeEvents":true,"proxy":{"proxyType":"direct"}}
[INFO  - 2020-03-23T10:47:43.065Z] SessionManagerReqHand - _postNewSessionCommand - New Session Created: b956fd00-6cf3-11ea-95a2-2da6286d7c28
[INFO  - 2020-03-23T10:52:42.816Z] SessionManagerReqHand - _cleanupWindowlessSessions - Asynchronous Sessions clean-up phase starting NOW
[INFO  - 2020-03-23T10:52:42.817Z] SessionManagerReqHand - _cleanupWindowlessSessions - Deleted Session 'b956fd00-6cf3-11ea-95a2-2da6286d7c28', because windowless
Images":true,"localToRemoteUrlAccessEnabled":false,"userAgent":"Mozilla/5.0 (Windows NT 6.2; WOW64) AppleWebKit/538.1 (KHTML, like Gecko) PhantomJS/2.1.1 Safari/538.1","webSecurityEnabled":false}
[INFO  - 2020-03-23T10:48:03.696Z] Session [c5a30770-6cf3-11ea-bc7f-b98d79a1514f] - page.customHeaders:  - {}
[INFO  - 2020-03-23T10:48:03.696Z] Session [c5a30770-6cf3-11ea-bc7f-b98d79a1514f] - Session.negotiatedCapabilities - {"browserName":"phantomjs","version":"2.1.1","driverName":"ghostdriver","driverVersion":"1.2.0","platform":"windows-10-32bit","javascriptEnabled":true,"takesScreenshot":true,"handlesAlerts":false,"databaseEnabled":false,"locationContextEnabled":false,"applicationCacheEnabled":false,"browserConnectionEnabled":false,"cssSelectorsEnabled":true,"webStorageEnabled":false,"rotatable":false,"acceptSslCerts":false,"nativeEvents":true,"proxy":{"proxyType":"direct"}}
[INFO  - 2020-03-23T10:48:03.696Z] SessionManagerReqHand - _postNewSessionCommand - New Session Created: c5a30770-6cf3-11ea-bc7f-b98d79a1514f
[INFO  - 2020-03-23T10:53:02.850Z] SessionManagerReqHand - _cleanupWindowlessSessions - Asynchronous Sessions clean-up phase starting NOW
[INFO  - 2020-03-23T10:53:02.851Z] SessionManagerReqHand - _cleanupWindowlessSessions - Deleted Session 'c5a30770-6cf3-11ea-bc7f-b98d79a1514f', because windowless
Images":true,"localToRemoteUrlAccessEnabled":false,"userAgent":"Mozilla/5.0 (Windows NT 6.2; WOW64) AppleWebKit/538.1 (KHTML, like Gecko) PhantomJS/2.1.1 Safari/538.1","webSecurityEnabled":false}
[INFO  - 2020-03-23T10:49:15.584Z] Session [f07c6b80-6cf3-11ea-a8da-4370f3ab1eed] - page.customHeaders:  - {}
[INFO  - 2020-03-23T10:49:15.584Z] Session [f07c6b80-6cf3-11ea-a8da-4370f3ab1eed] - Session.negotiatedCapabilities - {"browserName":"phantomjs","version":"2.1.1","driverName":"ghostdriver","driverVersion":"1.2.0","platform":"windows-10-32bit","javascriptEnabled":true,"takesScreenshot":true,"handlesAlerts":false,"databaseEnabled":false,"locationContextEnabled":false,"applicationCacheEnabled":false,"browserConnectionEnabled":false,"cssSelectorsEnabled":true,"webStorageEnabled":false,"rotatable":false,"acceptSslCerts":false,"nativeEvents":true,"proxy":{"proxyType":"direct"}}
[INFO  - 2020-03-23T10:49:15.584Z] SessionManagerReqHand - _postNewSessionCommand - New Session Created: f07c6b80-6cf3-11ea-a8da-4370f3ab1eed
[INFO  - 2020-03-23T10:54:15.271Z] SessionManagerReqHand - _cleanupWindowlessSessions - Asynchronous Sessions clean-up phase starting NOW
[INFO  - 2020-03-23T10:54:15.272Z] SessionManagerReqHand - _cleanupWindowlessSessions - Deleted Session 'f07c6b80-6cf3-11ea-a8da-4370f3ab1eed', because windowless
[INFO  - 2020-03-23T11:06:38.126Z] GhostDriver - Main - running on port 24414
[INFO  - 2020-03-23T11:06:38.897Z] Session [5e59cec0-6cf6-11ea-bb8a-9d24045c523c] - page.settings - {"XSSAuditingEnabled":false,"javascriptCanCloseWindows":true,"javascriptCanOpenWindows":true,"javascriptEnabled":true,"loadImages":true,"localToRemoteUrlAccessEnabled":false,"userAgent":"Mozilla/5.0 (Windows NT 6.2; WOW64) AppleWebKit/538.1 (KHTML, like Gecko) PhantomJS/2.1.1 Safari/538.1","webSecurityEnabled":false}
[INFO  - 2020-03-23T11:06:38.898Z] Session [5e59cec0-6cf6-11ea-bb8a-9d24045c523c] - page.customHeaders:  - {}
[INFO  - 2020-03-23T11:06:38.898Z] Session [5e59cec0-6cf6-11ea-bb8a-9d24045c523c] - Session.negotiatedCapabilities - {"browserName":"phantomjs","version":"2.1.1","driverName":"ghostdriver","driverVersion":"1.2.0","platform":"windows-10-32bit","javascriptEnabled":true,"takesScreenshot":true,"handlesAlerts":false,"databaseEnabled":false,"locationContextEnabled":false,"applicationCacheEnabled":false,"browserConnectionEnabled":false,"cssSelectorsEnabled":true,"webStorageEnabled":false,"rotatable":false,"acceptSslCerts":false,"nativeEvents":true,"proxy":{"proxyType":"direct"}}
[INFO  - 2020-03-23T11:06:38.898Z] SessionManagerReqHand - _postNewSessionCommand - New Session Created: 5e59cec0-6cf6-11ea-bb8a-9d24045c523c
[INFO  - 2020-03-23T11:11:38.228Z] SessionManagerReqHand - _cleanupWindowlessSessions - Asynchronous Sessions clean-up phase starting NOW
[INFO  - 2020-03-23T11:11:38.231Z] SessionManagerReqHand - _cleanupWindowlessSessions - Deleted Session '5e59cec0-6cf6-11ea-bb8a-9d24045c523c', because windowless
